d 3 10
d 3 7
d 3 14
d 3 1
d 3 12
d 3 11
d 3 15
d 3 3
d 3 9
d 3 5
d 3 13
d 3 6
d 3 4
d 3 2
d 3 8
d 7 10
d 11 6
d 16 2
d 11 9
d 14 3
d 14 2
d 15 2
d 12 12
d 4 9
d 13 11
d 2 12
d 7 8
d 10 4
d 14 4
d 9 7
d 15 15
d 13 13
d 9 15
d 5 5
d 14 9
d 6 3
d 8 5
d 10 3
d 16 6
d 15 3
d 14 14
d 8 7
d 13 7
d 14 1
d 9 12
d 2 9
d 7 11
d 16 9
d 10 1
d 8 2
d 12 13
d 5 8
d 14 5
d 5 11
d 6 7
d 16 13
d 8 10
d 2 2
d 4 7
d 12 11
d 6 5
d 9 2
d 2 6
d 6 6
d 16 4
d 7 6
d 11 14
d 7 7
d 15 14
d 5 13
d 16 5
d 8 4
d 13 2
d 9 4
d 9 1
d 12 15
d 13 6
d 6 8
d 15 9
d 13 4
d 11 5
d 2 4
d 12 8
d 11 11
d 10 2
d 4 14
d 5 4
d 10 12
d 4 2
d 5 14
d 9 14
d 9 10
d 13 15
d 8 15
d 13 3
d 13 1
d 14 12
d 11 1
d 11 13
d 11 12
d 6 10
d 5 2
d 4 12
d 8 11
d 5 6
d 6 12
d 10 15
d 14 13
d 10 6
d 9 8
d 4 8
d 4 10
d 13 5
d 8 3
d 8 13
d 6 16
d 9 13
d 9 9
d 5 16
d 2 15
d 9 11
d 14 17
d 8 8
d 8 17
d 14 15
d 15 5
d 11 4
d 6 4
d 16 3
d 8 1
d 11 8
d 10 13
d 16 1
d 6 15
d 16 17
d 16 8
d 6 14
d 10 7
d 6 2
d 8 14
d 16 20
d 6 1
d 16 19
d 16 15
d 12 3
d 6 19
d 16 11
d 5 7
d 10 8
d 10 16
d 6 13
d 16 16
d 16 14
d 7 1
d 14 8
d 7 2
d 4 13
d 4 18
d 5 12
d 3 18
d 12 10
d 4 17
d 13 12
d 15 18
d 11 7
d 15 12
d 9 3
d 12 9
d 14 20
d 4 11
d 5 18
d 8 19
d 15 20
d 12 16
d 10 11
d 11 17
d 15 7
d 14 7
d 7 20
d 7 18
d 11 10
d 7 15
d 12 2
d 7 19
d 7 4
d 6 17
d 4 6
d 9 16
d 14 11
d 6 9
d 7 9
d 14 6
d 11 16
d 5 17
d 5 15
d 9 20
d 5 1
d 9 6
d 12 1
d 7 12
d 3 19
d 6 20
d 15 19
d 13 17
d 8 9
d 8 20
d 7 3
d 7 16
d 9 18
d 15 16
d 6 18
d 12 6
d 8 12
d 12 4
d 8 18
d 16 7
d 9 19
d 12 20
d 15 1
d 12 5
d 16 12
d 15 10
d 15 6
d 4 16
d 15 8
d 12 7
d 10 14
d 10 5
d 12 14
d 9 17
d 16 18
d 7 5
d 7 17
d 10 19
d 8 6
d 16 10
d 10 20
d 7 13
d 14 10
d 7 14
d 5 3
d 15 4
d 10 18
d 8 16
d 10 10
d 5 9
d 5 10
d 14 19
d 12 19
d 11 2
d 14 18
d 11 18
d 4 15
d 4 20
d 10 17
d 4 3
d 5 19
d 11 15
d 5 20
d 15 13
d 9 5
d 13 19
d 13 16
d 14 16
d 4 5
d 3 17
d 4 1
d 11 20
d 3 16
d 11 19
d 6 11
d 15 17
d 13 14
d 15 11
d 13 20
d 13 9
d 3 20
d 4 19
d 13 8
d 13 10
d 12 17
d 2 16
d 10 9
d 11 3
d 2 1
d 2 10
d 2 11
d 13 18
d 2 7
d 2 14
d 2 5
d 2 3
d 2 8
d 2 13
d 2 17
d 4 4
d 12 18
d 2 18
d 2 20
d 2 19